# JRE version: Java(TM) SE Runtime Environment (7.0_55-b13) (build 1.7.0_55-b13)
# Java VM: Java HotSpot(TM) 64-Bit Server VM (24.55-b03 mixed mode windows-amd64 compressed oops)
Heap
 PSYoungGen      total 911872K, used 289893K [0x00000007c0080000, 0x0000000800000000, 0x0000000800000000)
  eden space 800256K, 22% used [0x00000007c0080000,0x00000007caef1820,0x00000007f0e00000)
  from space 111616K, 99% used [0x00000007f0e00000,0x00000007f7aa7fd0,0x00000007f7b00000)
  to   space 136192K, 0% used [0x00000007f7b00000,0x00000007f7b00000,0x0000000800000000)
 ParOldGen       total 416768K, used 344295K [0x0000000740200000, 0x0000000759900000, 0x00000007c0080000)
  object space 416768K, 82% used [0x0000000740200000,0x0000000755239fd0,0x0000000759900000)
 PSPermGen       total 36352K, used 16181K [0x000000073b000000, 0x000000073d380000, 0x0000000740200000)
  object space 36352K, 44% used [0x000000073b000000,0x000000073bfcd418,0x000000073d380000)
GC Heap History (10 events):
Event: 61.778 GC heap before
{Heap before GC invocations=23 (full 2):
 PSYoungGen      total 960512K, used 930818K [0x00000007c0080000, 0x0000000800000000, 0x0000000800000000)
  eden space 910848K, 100% used [0x00000007c0080000,0x00000007f7a00000,0x00000007f7a00000)
  from space 49664K, 40% used [0x00000007fcf80000,0x00000007fe300bc0,0x0000000800000000)
  to   space 68608K, 0% used [0x00000007f7a00000,0x00000007f7a00000,0x00000007fbd00000)
 ParOldGen       total 416768K, used 231068K [0x0000000740200000, 0x0000000759900000, 0x00000007c0080000)
  object space 416768K, 55% used [0x0000000740200000,0x000000074e3a7160,0x0000000759900000)
 PSPermGen       total 36352K, used 16132K [0x000000073b000000, 0x000000073d380000, 0x0000000740200000)
  object space 36352K, 44% used [0x000000073b000000,0x000000073bfc1248,0x000000073d380000)
Event: 61.813 GC heap after
Heap after GC invocations=23 (full 2):
 PSYoungGen      total 965120K, used 53876K [0x00000007c0080000, 0x0000000800000000, 0x0000000800000000)
  eden space 910848K, 0% used [0x00000007c0080000,0x00000007c0080000,0x00000007f7a00000)
  from space 54272K, 99% used [0x00000007f7a00000,0x00000007fae9d180,0x00000007faf00000)
  to   space 73728K, 0% used [0x00000007fb800000,0x00000007fb800000,0x0000000800000000)
 ParOldGen       total 416768K, used 231068K [0x0000000740200000, 0x0000000759900000, 0x00000007c0080000)
  object space 416768K, 55% used [0x0000000740200000,0x000000074e3a7160,0x0000000759900000)
 PSPermGen       total 36352K, used 16132K [0x000000073b000000, 0x000000073d380000, 0x0000000740200000)
  object space 36352K, 44% used [0x000000073b000000,0x000000073bfc1248,0x000000073d380000)
}
Event: 65.737 GC heap before
{Heap before GC invocations=24 (full 2):
 PSYoungGen      total 965120K, used 964724K [0x00000007c0080000, 0x0000000800000000, 0x0000000800000000)
  eden space 910848K, 100% used [0x00000007c0080000,0x00000007f7a00000,0x00000007f7a00000)
  from space 54272K, 99% used [0x00000007f7a00000,0x00000007fae9d180,0x00000007faf00000)
  to   space 73728K, 0% used [0x00000007fb800000,0x00000007fb800000,0x0000000800000000)
 ParOldGen       total 416768K, used 231068K [0x0000000740200000, 0x0000000759900000, 0x00000007c0080000)
  object space 416768K, 55% used [0x0000000740200000,0x000000074e3a7160,0x0000000759900000)
 PSPermGen       total 36352K, used 16135K [0x000000073b000000, 0x000000073d380000, 0x0000000740200000)
  object space 36352K, 44% used [0x000000073b000000,0x000000073bfc1ff0,0x000000073d380000)
Event: 65.789 GC heap after
Heap after GC invocations=24 (full 2):
 PSYoungGen      total 924160K, used 73703K [0x00000007c0080000, 0x0000000800000000, 0x0000000800000000)
  eden space 850432K, 0% used [0x00000007c0080000,0x00000007c0080000,0x00000007f3f00000)
  from space 73728K, 99% used [0x00000007fb800000,0x00000007ffff9ff8,0x0000000800000000)
  to   space 98816K, 0% used [0x00000007f3f00000,0x00000007f3f00000,0x00000007f9f80000)
 ParOldGen       total 416768K, used 265957K [0x0000000740200000, 0x0000000759900000, 0x00000007c0080000)
  object space 416768K, 63% used [0x0000000740200000,0x00000007505b9650,0x0000000759900000)
 PSPermGen       total 36352K, used 16135K [0x000000073b000000, 0x000000073d380000, 0x0000000740200000)
  object space 36352K, 44% used [0x000000073b000000,0x000000073bfc1ff0,0x000000073d380000)
}
Event: 69.661 GC heap before
{Heap before GC invocations=25 (full 2):
 PSYoungGen      total 924160K, used 924135K [0x00000007c0080000, 0x0000000800000000, 0x0000000800000000)
  eden space 850432K, 100% used [0x00000007c0080000,0x00000007f3f00000,0x00000007f3f00000)
  from space 73728K, 99% used [0x00000007fb800000,0x00000007ffff9ff8,0x0000000800000000)
  to   space 98816K, 0% used [0x00000007f3f00000,0x00000007f3f00000,0x00000007f9f80000)
 ParOldGen       total 416768K, used 265957K [0x0000000740200000, 0x0000000759900000, 0x00000007c0080000)
  object space 416768K, 63% used [0x0000000740200000,0x00000007505b9650,0x0000000759900000)
 PSPermGen       total 36352K, used 16139K [0x000000073b000000, 0x000000073d380000, 0x0000000740200000)
  object space 36352K, 44% used [0x000000073b000000,0x000000073bfc2ce0,0x000000073d380000)
Event: 69.705 GC heap after
Heap after GC invocations=25 (full 2):
 PSYoungGen      total 949248K, used 98801K [0x00000007c0080000, 0x0000000800000000, 0x0000000800000000)
  eden space 850432K, 0% used [0x00000007c0080000,0x00000007c0080000,0x00000007f3f00000)
  from space 98816K, 99% used [0x00000007f3f00000,0x00000007f9f7c740,0x00000007f9f80000)
  to   space 98816K, 0% used [0x00000007f9f80000,0x00000007f9f80000,0x0000000800000000)
 ParOldGen       total 416768K, used 287647K [0x0000000740200000, 0x0000000759900000, 0x00000007c0080000)
  object space 416768K, 69% used [0x0000000740200000,0x0000000751ae7d50,0x0000000759900000)
 PSPermGen       total 36352K, used 16139K [0x000000073b000000, 0x000000073d380000, 0x0000000740200000)
  object space 36352K, 44% used [0x000000073b000000,0x000000073bfc2ce0,0x000000073d380000)
}
Event: 75.432 GC heap before
{Heap before GC invocations=26 (full 2):
 PSYoungGen      total 949248K, used 949233K [0x00000007c0080000, 0x0000000800000000, 0x0000000800000000)
  eden space 850432K, 100% used [0x00000007c0080000,0x00000007f3f00000,0x00000007f3f00000)
  from space 98816K, 99% used [0x00000007f3f00000,0x00000007f9f7c740,0x00000007f9f80000)
  to   space 98816K, 0% used [0x00000007f9f80000,0x00000007f9f80000,0x0000000800000000)
 ParOldGen       total 416768K, used 287647K [0x0000000740200000, 0x0000000759900000, 0x00000007c0080000)
  object space 416768K, 69% used [0x0000000740200000,0x0000000751ae7d50,0x0000000759900000)
 PSPermGen       total 36352K, used 16171K [0x000000073b000000, 0x000000073d380000, 0x0000000740200000)
  object space 36352K, 44% used [0x000000073b000000,0x000000073bfcada0,0x000000073d380000)
Event: 75.479 GC heap after
Heap after GC invocations=26 (full 2):
 PSYoungGen      total 899072K, used 68991K [0x00000007c0080000, 0x0000000800000000, 0x0000000800000000)
  eden space 800256K, 0% used [0x00000007c0080000,0x00000007c0080000,0x00000007f0e00000)
  from space 98816K, 69% used [0x00000007f9f80000,0x00000007fe2dff60,0x0000000800000000)
  to   space 123904K, 0% used [0x00000007f0e00000,0x00000007f0e00000,0x00000007f8700000)
 ParOldGen       total 416768K, used 344295K [0x0000000740200000, 0x0000000759900000, 0x00000007c0080000)
  object space 416768K, 82% used [0x0000000740200000,0x0000000755239fd0,0x0000000759900000)
 PSPermGen       total 36352K, used 16171K [0x000000073b000000, 0x000000073d380000, 0x0000000740200000)
  object space 36352K, 44% used [0x000000073b000000,0x000000073bfcada0,0x000000073d380000)
}
Event: 79.240 GC heap before
{Heap before GC invocations=27 (full 2):
 PSYoungGen      total 899072K, used 869247K [0x00000007c0080000, 0x0000000800000000, 0x0000000800000000)
  eden space 800256K, 100% used [0x00000007c0080000,0x00000007f0e00000,0x00000007f0e00000)
  from space 98816K, 69% used [0x00000007f9f80000,0x00000007fe2dff60,0x0000000800000000)
  to   space 123904K, 0% used [0x00000007f0e00000,0x00000007f0e00000,0x00000007f8700000)
 ParOldGen       total 416768K, used 344295K [0x0000000740200000, 0x0000000759900000, 0x00000007c0080000)
  object space 416768K, 82% used [0x0000000740200000,0x0000000755239fd0,0x0000000759900000)
 PSPermGen       total 36352K, used 16178K [0x000000073b000000, 0x000000073d380000, 0x0000000740200000)
  object space 36352K, 44% used [0x000000073b000000,0x000000073bfccbe8,0x000000073d380000)
Event: 79.278 GC heap after
Heap after GC invocations=27 (full 2):
 PSYoungGen      total 911872K, used 111263K [0x00000007c0080000, 0x0000000800000000, 0x0000000800000000)
  eden space 800256K, 0% used [0x00000007c0080000,0x00000007c0080000,0x00000007f0e00000)
  from space 111616K, 99% used [0x00000007f0e00000,0x00000007f7aa7fd0,0x00000007f7b00000)
  to   space 136192K, 0% used [0x00000007f7b00000,0x00000007f7b00000,0x0000000800000000)
 ParOldGen       total 416768K, used 344295K [0x0000000740200000, 0x0000000759900000, 0x00000007c0080000)
  object space 416768K, 82% used [0x0000000740200000,0x0000000755239fd0,0x0000000759900000)
 PSPermGen       total 36352K, used 16178K [0x000000073b000000, 0x000000073d380000, 0x0000000740200000)
  object space 36352K, 44% used [0x000000073b000000,0x000000073bfccbe8,0x000000073d380000)
}

